[0.303s] Invoking command in '/home/paul/Ground-Station/sensor_values/src/sensor_values': PYTHONPATH=/home/paul/Ground-Station/sensor_values/install/sensor_values/lib/python3.8/site-packages:${PYTHONPATH} /usr/bin/python3 setup.py egg_info --egg-base ../../build/sensor_values build --build-base /home/paul/Ground-Station/sensor_values/build/sensor_values/build install --prefix /home/paul/Ground-Station/sensor_values/install/sensor_values --record /home/paul/Ground-Station/sensor_values/build/sensor_values/install.log --single-version-externally-managed
[0.567s] running egg_info
[0.568s] writing ../../build/sensor_values/sensor_values.egg-info/PKG-INFO
[0.568s] writing dependency_links to ../../build/sensor_values/sensor_values.egg-info/dependency_links.txt
[0.568s] writing entry points to ../../build/sensor_values/sensor_values.egg-info/entry_points.txt
[0.569s] writing requirements to ../../build/sensor_values/sensor_values.egg-info/requires.txt
[0.569s] writing top-level names to ../../build/sensor_values/sensor_values.egg-info/top_level.txt
[0.609s] reading manifest file '../../build/sensor_values/sensor_values.egg-info/SOURCES.txt'
[0.610s] writing manifest file '../../build/sensor_values/sensor_values.egg-info/SOURCES.txt'
[0.610s] running build
[0.610s] running build_py
[0.611s] copying sensor_values/values_output.py -> /home/paul/Ground-Station/sensor_values/build/sensor_values/build/lib/sensor_values
[0.611s] copying sensor_values/values_input.py -> /home/paul/Ground-Station/sensor_values/build/sensor_values/build/lib/sensor_values
[0.611s] running install
[0.612s] running install_lib
[0.614s] copying /home/paul/Ground-Station/sensor_values/build/sensor_values/build/lib/sensor_values/values_output.py -> /home/paul/Ground-Station/sensor_values/install/sensor_values/lib/python3.8/site-packages/sensor_values
[0.614s] copying /home/paul/Ground-Station/sensor_values/build/sensor_values/build/lib/sensor_values/values_input.py -> /home/paul/Ground-Station/sensor_values/install/sensor_values/lib/python3.8/site-packages/sensor_values
[0.614s] byte-compiling /home/paul/Ground-Station/sensor_values/install/sensor_values/lib/python3.8/site-packages/sensor_values/values_output.py to values_output.cpython-38.pyc
[0.616s] byte-compiling /home/paul/Ground-Station/sensor_values/install/sensor_values/lib/python3.8/site-packages/sensor_values/values_input.py to values_input.cpython-38.pyc
[0.618s] running install_data
[0.618s] copying package.xml -> /home/paul/Ground-Station/sensor_values/install/sensor_values/share/sensor_values
[0.618s] running install_egg_info
[0.620s] removing '/home/paul/Ground-Station/sensor_values/install/sensor_values/lib/python3.8/site-packages/sensor_values-0.0.0-py3.8.egg-info' (and everything under it)
[0.620s] Copying ../../build/sensor_values/sensor_values.egg-info to /home/paul/Ground-Station/sensor_values/install/sensor_values/lib/python3.8/site-packages/sensor_values-0.0.0-py3.8.egg-info
[0.621s] running install_scripts
[0.645s] Installing process_values script to /home/paul/Ground-Station/sensor_values/install/sensor_values/lib/sensor_values
[0.646s] Installing test_process script to /home/paul/Ground-Station/sensor_values/install/sensor_values/lib/sensor_values
[0.646s] writing list of installed files to '/home/paul/Ground-Station/sensor_values/build/sensor_values/install.log'
[0.677s] Invoked command in '/home/paul/Ground-Station/sensor_values/src/sensor_values' returned '0': PYTHONPATH=/home/paul/Ground-Station/sensor_values/install/sensor_values/lib/python3.8/site-packages:${PYTHONPATH} /usr/bin/python3 setup.py egg_info --egg-base ../../build/sensor_values build --build-base /home/paul/Ground-Station/sensor_values/build/sensor_values/build install --prefix /home/paul/Ground-Station/sensor_values/install/sensor_values --record /home/paul/Ground-Station/sensor_values/build/sensor_values/install.log --single-version-externally-managed
