[0.433s] Invoking command in '/home/paul/sensor_values/src/sensor_values': PYTHONPATH=/home/paul/sensor_values/install/sensor_values/lib/python3.8/site-packages:${PYTHONPATH} /usr/bin/python3 setup.py egg_info --egg-base ../../build/sensor_values build --build-base /home/paul/sensor_values/build/sensor_values/build install --prefix /home/paul/sensor_values/install/sensor_values --record /home/paul/sensor_values/build/sensor_values/install.log --single-version-externally-managed
[0.810s] running egg_info
[0.811s] writing ../../build/sensor_values/sensor_values.egg-info/PKG-INFO
[0.811s] writing dependency_links to ../../build/sensor_values/sensor_values.egg-info/dependency_links.txt
[0.812s] writing entry points to ../../build/sensor_values/sensor_values.egg-info/entry_points.txt
[0.812s] writing requirements to ../../build/sensor_values/sensor_values.egg-info/requires.txt
[0.812s] writing top-level names to ../../build/sensor_values/sensor_values.egg-info/top_level.txt
[0.867s] reading manifest file '../../build/sensor_values/sensor_values.egg-info/SOURCES.txt'
[0.869s] writing manifest file '../../build/sensor_values/sensor_values.egg-info/SOURCES.txt'
[0.870s] running build
[0.870s] running build_py
[0.870s] copying sensor_values/values_input.py -> /home/paul/sensor_values/build/sensor_values/build/lib/sensor_values
[0.870s] running install
[0.872s] running install_lib
[0.874s] copying /home/paul/sensor_values/build/sensor_values/build/lib/sensor_values/values_input.py -> /home/paul/sensor_values/install/sensor_values/lib/python3.8/site-packages/sensor_values
[0.875s] byte-compiling /home/paul/sensor_values/install/sensor_values/lib/python3.8/site-packages/sensor_values/values_input.py to values_input.cpython-38.pyc
[0.878s] running install_data
[0.879s] running install_egg_info
[0.882s] removing '/home/paul/sensor_values/install/sensor_values/lib/python3.8/site-packages/sensor_values-0.0.0-py3.8.egg-info' (and everything under it)
[0.882s] Copying ../../build/sensor_values/sensor_values.egg-info to /home/paul/sensor_values/install/sensor_values/lib/python3.8/site-packages/sensor_values-0.0.0-py3.8.egg-info
[0.884s] running install_scripts
[0.915s] Installing input_values script to /home/paul/sensor_values/install/sensor_values/lib/sensor_values
[0.915s] writing list of installed files to '/home/paul/sensor_values/build/sensor_values/install.log'
[0.966s] Invoked command in '/home/paul/sensor_values/src/sensor_values' returned '0': PYTHONPATH=/home/paul/sensor_values/install/sensor_values/lib/python3.8/site-packages:${PYTHONPATH} /usr/bin/python3 setup.py egg_info --egg-base ../../build/sensor_values build --build-base /home/paul/sensor_values/build/sensor_values/build install --prefix /home/paul/sensor_values/install/sensor_values --record /home/paul/sensor_values/build/sensor_values/install.log --single-version-externally-managed
