[0.288s] Invoking command in '/home/paul/sensor_values/src/sensor_values': PYTHONPATH=/home/paul/sensor_values/install/sensor_values/lib/python3.8/site-packages:${PYTHONPATH} /usr/bin/python3 setup.py egg_info --egg-base ../../build/sensor_values build --build-base /home/paul/sensor_values/build/sensor_values/build install --prefix /home/paul/sensor_values/install/sensor_values --record /home/paul/sensor_values/build/sensor_values/install.log --single-version-externally-managed
[0.543s] running egg_info
[0.544s] writing ../../build/sensor_values/sensor_values.egg-info/PKG-INFO
[0.544s] writing dependency_links to ../../build/sensor_values/sensor_values.egg-info/dependency_links.txt
[0.545s] writing entry points to ../../build/sensor_values/sensor_values.egg-info/entry_points.txt
[0.545s] writing requirements to ../../build/sensor_values/sensor_values.egg-info/requires.txt
[0.545s] writing top-level names to ../../build/sensor_values/sensor_values.egg-info/top_level.txt
[0.586s] reading manifest file '../../build/sensor_values/sensor_values.egg-info/SOURCES.txt'
[0.587s] writing manifest file '../../build/sensor_values/sensor_values.egg-info/SOURCES.txt'
[0.587s] running build
[0.588s] running build_py
[0.588s] copying sensor_values/values_input.py -> /home/paul/sensor_values/build/sensor_values/build/lib/sensor_values
[0.588s] running install
[0.590s] running install_lib
[0.591s] copying /home/paul/sensor_values/build/sensor_values/build/lib/sensor_values/values_input.py -> /home/paul/sensor_values/install/sensor_values/lib/python3.8/site-packages/sensor_values
[0.592s] byte-compiling /home/paul/sensor_values/install/sensor_values/lib/python3.8/site-packages/sensor_values/values_input.py to values_input.cpython-38.pyc
[0.594s]   File "/home/paul/sensor_values/install/sensor_values/lib/python3.8/site-packages/sensor_values/values_input.py", line 19
[0.594s]     100)
[0.594s]     ^
[0.594s] SyntaxError: positional argument follows keyword argument
[0.595s] 
[0.595s] running install_data
[0.595s] running install_egg_info
[0.598s] removing '/home/paul/sensor_values/install/sensor_values/lib/python3.8/site-packages/sensor_values-0.0.0-py3.8.egg-info' (and everything under it)
[0.598s] Copying ../../build/sensor_values/sensor_values.egg-info to /home/paul/sensor_values/install/sensor_values/lib/python3.8/site-packages/sensor_values-0.0.0-py3.8.egg-info
[0.599s] running install_scripts
[0.621s] Installing input_values script to /home/paul/sensor_values/install/sensor_values/lib/sensor_values
[0.621s] Installing output_values script to /home/paul/sensor_values/install/sensor_values/lib/sensor_values
[0.621s] writing list of installed files to '/home/paul/sensor_values/build/sensor_values/install.log'
[0.655s] Invoked command in '/home/paul/sensor_values/src/sensor_values' returned '0': PYTHONPATH=/home/paul/sensor_values/install/sensor_values/lib/python3.8/site-packages:${PYTHONPATH} /usr/bin/python3 setup.py egg_info --egg-base ../../build/sensor_values build --build-base /home/paul/sensor_values/build/sensor_values/build install --prefix /home/paul/sensor_values/install/sensor_values --record /home/paul/sensor_values/build/sensor_values/install.log --single-version-externally-managed
