[0.424s] Invoking command in '/home/paul/sensor_values/src/sensor_values': PYTHONPATH=/home/paul/sensor_values/install/sensor_values/lib/python3.8/site-packages:${PYTHONPATH} /usr/bin/python3 setup.py egg_info --egg-base ../../build/sensor_values build --build-base /home/paul/sensor_values/build/sensor_values/build install --prefix /home/paul/sensor_values/install/sensor_values --record /home/paul/sensor_values/build/sensor_values/install.log --single-version-externally-managed
[0.668s] running egg_info
[0.668s] writing ../../build/sensor_values/sensor_values.egg-info/PKG-INFO
[0.668s] writing dependency_links to ../../build/sensor_values/sensor_values.egg-info/dependency_links.txt
[0.669s] writing entry points to ../../build/sensor_values/sensor_values.egg-info/entry_points.txt
[0.669s] writing requirements to ../../build/sensor_values/sensor_values.egg-info/requires.txt
[0.669s] writing top-level names to ../../build/sensor_values/sensor_values.egg-info/top_level.txt
[0.705s] reading manifest file '../../build/sensor_values/sensor_values.egg-info/SOURCES.txt'
[0.706s] writing manifest file '../../build/sensor_values/sensor_values.egg-info/SOURCES.txt'
[0.707s] running build
[0.707s] running build_py
[0.707s] copying sensor_values/values_input.py -> /home/paul/sensor_values/build/sensor_values/build/lib/sensor_values
[0.707s] running install
[0.708s] running install_lib
[0.709s] copying /home/paul/sensor_values/build/sensor_values/build/lib/sensor_values/values_input.py -> /home/paul/sensor_values/install/sensor_values/lib/python3.8/site-packages/sensor_values
[0.709s] byte-compiling /home/paul/sensor_values/install/sensor_values/lib/python3.8/site-packages/sensor_values/values_input.py to values_input.cpython-38.pyc
[0.712s] running install_data
[0.712s] running install_egg_info
[0.714s] removing '/home/paul/sensor_values/install/sensor_values/lib/python3.8/site-packages/sensor_values-0.0.0-py3.8.egg-info' (and everything under it)
[0.714s] Copying ../../build/sensor_values/sensor_values.egg-info to /home/paul/sensor_values/install/sensor_values/lib/python3.8/site-packages/sensor_values-0.0.0-py3.8.egg-info
[0.715s] running install_scripts
[0.735s] Installing input_values script to /home/paul/sensor_values/install/sensor_values/lib/sensor_values
[0.735s] Installing test_system script to /home/paul/sensor_values/install/sensor_values/lib/sensor_values
[0.735s] writing list of installed files to '/home/paul/sensor_values/build/sensor_values/install.log'
[0.765s] Invoked command in '/home/paul/sensor_values/src/sensor_values' returned '0': PYTHONPATH=/home/paul/sensor_values/install/sensor_values/lib/python3.8/site-packages:${PYTHONPATH} /usr/bin/python3 setup.py egg_info --egg-base ../../build/sensor_values build --build-base /home/paul/sensor_values/build/sensor_values/build install --prefix /home/paul/sensor_values/install/sensor_values --record /home/paul/sensor_values/build/sensor_values/install.log --single-version-externally-managed
