[0.251s] Invoking command in '/home/paul/sensor_values/src/sensor_values': PYTHONPATH=/home/paul/sensor_values/install/sensor_values/lib/python3.8/site-packages: /usr/bin/python3 setup.py egg_info --egg-base ../../build/sensor_values build --build-base /home/paul/sensor_values/build/sensor_values/build install --prefix /home/paul/sensor_values/install/sensor_values --record /home/paul/sensor_values/build/sensor_values/install.log --single-version-externally-managed
[0.482s] running egg_info
[0.482s] writing ../../build/sensor_values/sensor_values.egg-info/PKG-INFO
[0.483s] writing dependency_links to ../../build/sensor_values/sensor_values.egg-info/dependency_links.txt
[0.483s] writing entry points to ../../build/sensor_values/sensor_values.egg-info/entry_points.txt
[0.483s] writing requirements to ../../build/sensor_values/sensor_values.egg-info/requires.txt
[0.484s] writing top-level names to ../../build/sensor_values/sensor_values.egg-info/top_level.txt
[0.524s] reading manifest file '../../build/sensor_values/sensor_values.egg-info/SOURCES.txt'
[0.525s] writing manifest file '../../build/sensor_values/sensor_values.egg-info/SOURCES.txt'
[0.525s] running build
[0.526s] running build_py
[0.526s] copying sensor_values/values_output.py -> /home/paul/sensor_values/build/sensor_values/build/lib/sensor_values
[0.526s] running install
[0.527s] running install_lib
[0.528s] copying /home/paul/sensor_values/build/sensor_values/build/lib/sensor_values/values_output.py -> /home/paul/sensor_values/install/sensor_values/lib/python3.8/site-packages/sensor_values
[0.529s] byte-compiling /home/paul/sensor_values/install/sensor_values/lib/python3.8/site-packages/sensor_values/values_output.py to values_output.cpython-38.pyc
[0.531s] running install_data
[0.532s] running install_egg_info
[0.533s] removing '/home/paul/sensor_values/install/sensor_values/lib/python3.8/site-packages/sensor_values-0.0.0-py3.8.egg-info' (and everything under it)
[0.534s] Copying ../../build/sensor_values/sensor_values.egg-info to /home/paul/sensor_values/install/sensor_values/lib/python3.8/site-packages/sensor_values-0.0.0-py3.8.egg-info
[0.535s] running install_scripts
[0.556s] Installing input_values script to /home/paul/sensor_values/install/sensor_values/lib/sensor_values
[0.556s] Installing test_system script to /home/paul/sensor_values/install/sensor_values/lib/sensor_values
[0.557s] writing list of installed files to '/home/paul/sensor_values/build/sensor_values/install.log'
[0.588s] Invoked command in '/home/paul/sensor_values/src/sensor_values' returned '0': PYTHONPATH=/home/paul/sensor_values/install/sensor_values/lib/python3.8/site-packages: /usr/bin/python3 setup.py egg_info --egg-base ../../build/sensor_values build --build-base /home/paul/sensor_values/build/sensor_values/build install --prefix /home/paul/sensor_values/install/sensor_values --record /home/paul/sensor_values/build/sensor_values/install.log --single-version-externally-managed
