running egg_info
creating ../../build/sensor_values/sensor_values.egg-info
writing ../../build/sensor_values/sensor_values.egg-info/PKG-INFO
writing dependency_links to ../../build/sensor_values/sensor_values.egg-info/dependency_links.txt
writing entry points to ../../build/sensor_values/sensor_values.egg-info/entry_points.txt
writing requirements to ../../build/sensor_values/sensor_values.egg-info/requires.txt
writing top-level names to ../../build/sensor_values/sensor_values.egg-info/top_level.txt
writing manifest file '../../build/sensor_values/sensor_values.egg-info/SOURCES.txt'
reading manifest file '../../build/sensor_values/sensor_values.egg-info/SOURCES.txt'
writing manifest file '../../build/sensor_values/sensor_values.egg-info/SOURCES.txt'
running build
running build_py
creating /home/paul/sensor_values/build/sensor_values/build
creating /home/paul/sensor_values/build/sensor_values/build/lib
creating /home/paul/sensor_values/build/sensor_values/build/lib/sensor_values
copying sensor_values/values_output.py -> /home/paul/sensor_values/build/sensor_values/build/lib/sensor_values
copying sensor_values/values_input.py -> /home/paul/sensor_values/build/sensor_values/build/lib/sensor_values
copying sensor_values/__init__.py -> /home/paul/sensor_values/build/sensor_values/build/lib/sensor_values
running install
running install_lib
creating /home/paul/sensor_values/install/sensor_values/lib/python3.8/site-packages/sensor_values
copying /home/paul/sensor_values/build/sensor_values/build/lib/sensor_values/values_output.py -> /home/paul/sensor_values/install/sensor_values/lib/python3.8/site-packages/sensor_values
copying /home/paul/sensor_values/build/sensor_values/build/lib/sensor_values/values_input.py -> /home/paul/sensor_values/install/sensor_values/lib/python3.8/site-packages/sensor_values
copying /home/paul/sensor_values/build/sensor_values/build/lib/sensor_values/__init__.py -> /home/paul/sensor_values/install/sensor_values/lib/python3.8/site-packages/sensor_values
byte-compiling /home/paul/sensor_values/install/sensor_values/lib/python3.8/site-packages/sensor_values/values_output.py to values_output.cpython-38.pyc
byte-compiling /home/paul/sensor_values/install/sensor_values/lib/python3.8/site-packages/sensor_values/values_input.py to values_input.cpython-38.pyc
byte-compiling /home/paul/sensor_values/install/sensor_values/lib/python3.8/site-packages/sensor_values/__init__.py to __init__.cpython-38.pyc
running install_data
creating /home/paul/sensor_values/install/sensor_values/share/ament_index
creating /home/paul/sensor_values/install/sensor_values/share/ament_index/resource_index
creating /home/paul/sensor_values/install/sensor_values/share/ament_index/resource_index/packages
copying resource/sensor_values -> /home/paul/sensor_values/install/sensor_values/share/ament_index/resource_index/packages
copying package.xml -> /home/paul/sensor_values/install/sensor_values/share/sensor_values
running install_egg_info
Copying ../../build/sensor_values/sensor_values.egg-info to /home/paul/sensor_values/install/sensor_values/lib/python3.8/site-packages/sensor_values-0.0.0-py3.8.egg-info
running install_scripts
writing list of installed files to '/home/paul/sensor_values/build/sensor_values/install.log'
