running egg_info
creating ../../build/flight_visualizer/flight_visualizer.egg-info
writing ../../build/flight_visualizer/flight_visualizer.egg-info/PKG-INFO
writing dependency_links to ../../build/flight_visualizer/flight_visualizer.egg-info/dependency_links.txt
writing entry points to ../../build/flight_visualizer/flight_visualizer.egg-info/entry_points.txt
writing requirements to ../../build/flight_visualizer/flight_visualizer.egg-info/requires.txt
writing top-level names to ../../build/flight_visualizer/flight_visualizer.egg-info/top_level.txt
writing manifest file '../../build/flight_visualizer/flight_visualizer.egg-info/SOURCES.txt'
reading manifest file '../../build/flight_visualizer/flight_visualizer.egg-info/SOURCES.txt'
writing manifest file '../../build/flight_visualizer/flight_visualizer.egg-info/SOURCES.txt'
running build
running build_py
creating /home/paul/Ground-Station/flight_visualizer/build/flight_visualizer/build
creating /home/paul/Ground-Station/flight_visualizer/build/flight_visualizer/build/lib
creating /home/paul/Ground-Station/flight_visualizer/build/flight_visualizer/build/lib/flight_visualizer
copying flight_visualizer/graph_data.py -> /home/paul/Ground-Station/flight_visualizer/build/flight_visualizer/build/lib/flight_visualizer
copying flight_visualizer/__init__.py -> /home/paul/Ground-Station/flight_visualizer/build/flight_visualizer/build/lib/flight_visualizer
running install
running install_lib
creating /home/paul/Ground-Station/flight_visualizer/install/flight_visualizer/lib/python3.8/site-packages/flight_visualizer
copying /home/paul/Ground-Station/flight_visualizer/build/flight_visualizer/build/lib/flight_visualizer/graph_data.py -> /home/paul/Ground-Station/flight_visualizer/install/flight_visualizer/lib/python3.8/site-packages/flight_visualizer
copying /home/paul/Ground-Station/flight_visualizer/build/flight_visualizer/build/lib/flight_visualizer/__init__.py -> /home/paul/Ground-Station/flight_visualizer/install/flight_visualizer/lib/python3.8/site-packages/flight_visualizer
byte-compiling /home/paul/Ground-Station/flight_visualizer/install/flight_visualizer/lib/python3.8/site-packages/flight_visualizer/graph_data.py to graph_data.cpython-38.pyc
byte-compiling /home/paul/Ground-Station/flight_visualizer/install/flight_visualizer/lib/python3.8/site-packages/flight_visualizer/__init__.py to __init__.cpython-38.pyc
running install_data
creating /home/paul/Ground-Station/flight_visualizer/install/flight_visualizer/share/ament_index
creating /home/paul/Ground-Station/flight_visualizer/install/flight_visualizer/share/ament_index/resource_index
creating /home/paul/Ground-Station/flight_visualizer/install/flight_visualizer/share/ament_index/resource_index/packages
copying resource/flight_visualizer -> /home/paul/Ground-Station/flight_visualizer/install/flight_visualizer/share/ament_index/resource_index/packages
copying package.xml -> /home/paul/Ground-Station/flight_visualizer/install/flight_visualizer/share/flight_visualizer
running install_egg_info
Copying ../../build/flight_visualizer/flight_visualizer.egg-info to /home/paul/Ground-Station/flight_visualizer/install/flight_visualizer/lib/python3.8/site-packages/flight_visualizer-0.0.0-py3.8.egg-info
running install_scripts
writing list of installed files to '/home/paul/Ground-Station/flight_visualizer/build/flight_visualizer/install.log'
