[0.281s] Invoking command in '/home/paul/Ground-Station/flight_visualizer/src/flight_visualizer': PYTHONPATH=/home/paul/Ground-Station/flight_visualizer/install/flight_visualizer/lib/python3.8/site-packages:${PYTHONPATH} /usr/bin/python3 setup.py egg_info --egg-base ../../build/flight_visualizer build --build-base /home/paul/Ground-Station/flight_visualizer/build/flight_visualizer/build install --prefix /home/paul/Ground-Station/flight_visualizer/install/flight_visualizer --record /home/paul/Ground-Station/flight_visualizer/build/flight_visualizer/install.log --single-version-externally-managed
[0.522s] running egg_info
[0.523s] creating ../../build/flight_visualizer/flight_visualizer.egg-info
[0.523s] writing ../../build/flight_visualizer/flight_visualizer.egg-info/PKG-INFO
[0.523s] writing dependency_links to ../../build/flight_visualizer/flight_visualizer.egg-info/dependency_links.txt
[0.524s] writing entry points to ../../build/flight_visualizer/flight_visualizer.egg-info/entry_points.txt
[0.524s] writing requirements to ../../build/flight_visualizer/flight_visualizer.egg-info/requires.txt
[0.524s] writing top-level names to ../../build/flight_visualizer/flight_visualizer.egg-info/top_level.txt
[0.525s] writing manifest file '../../build/flight_visualizer/flight_visualizer.egg-info/SOURCES.txt'
[0.560s] reading manifest file '../../build/flight_visualizer/flight_visualizer.egg-info/SOURCES.txt'
[0.561s] writing manifest file '../../build/flight_visualizer/flight_visualizer.egg-info/SOURCES.txt'
[0.561s] running build
[0.561s] running build_py
[0.562s] creating /home/paul/Ground-Station/flight_visualizer/build/flight_visualizer/build
[0.562s] creating /home/paul/Ground-Station/flight_visualizer/build/flight_visualizer/build/lib
[0.562s] creating /home/paul/Ground-Station/flight_visualizer/build/flight_visualizer/build/lib/flight_visualizer
[0.562s] copying flight_visualizer/graph_data.py -> /home/paul/Ground-Station/flight_visualizer/build/flight_visualizer/build/lib/flight_visualizer
[0.562s] copying flight_visualizer/__init__.py -> /home/paul/Ground-Station/flight_visualizer/build/flight_visualizer/build/lib/flight_visualizer
[0.562s] running install
[0.563s] running install_lib
[0.564s] creating /home/paul/Ground-Station/flight_visualizer/install/flight_visualizer/lib/python3.8/site-packages/flight_visualizer
[0.564s] copying /home/paul/Ground-Station/flight_visualizer/build/flight_visualizer/build/lib/flight_visualizer/graph_data.py -> /home/paul/Ground-Station/flight_visualizer/install/flight_visualizer/lib/python3.8/site-packages/flight_visualizer
[0.564s] copying /home/paul/Ground-Station/flight_visualizer/build/flight_visualizer/build/lib/flight_visualizer/__init__.py -> /home/paul/Ground-Station/flight_visualizer/install/flight_visualizer/lib/python3.8/site-packages/flight_visualizer
[0.565s] byte-compiling /home/paul/Ground-Station/flight_visualizer/install/flight_visualizer/lib/python3.8/site-packages/flight_visualizer/graph_data.py to graph_data.cpython-38.pyc
[0.566s] byte-compiling /home/paul/Ground-Station/flight_visualizer/install/flight_visualizer/lib/python3.8/site-packages/flight_visualizer/__init__.py to __init__.cpython-38.pyc
[0.566s] running install_data
[0.567s] creating /home/paul/Ground-Station/flight_visualizer/install/flight_visualizer/share/ament_index
[0.567s] creating /home/paul/Ground-Station/flight_visualizer/install/flight_visualizer/share/ament_index/resource_index
[0.568s] creating /home/paul/Ground-Station/flight_visualizer/install/flight_visualizer/share/ament_index/resource_index/packages
[0.568s] copying resource/flight_visualizer -> /home/paul/Ground-Station/flight_visualizer/install/flight_visualizer/share/ament_index/resource_index/packages
[0.568s] copying package.xml -> /home/paul/Ground-Station/flight_visualizer/install/flight_visualizer/share/flight_visualizer
[0.568s] running install_egg_info
[0.569s] Copying ../../build/flight_visualizer/flight_visualizer.egg-info to /home/paul/Ground-Station/flight_visualizer/install/flight_visualizer/lib/python3.8/site-packages/flight_visualizer-0.0.0-py3.8.egg-info
[0.570s] running install_scripts
[0.589s] writing list of installed files to '/home/paul/Ground-Station/flight_visualizer/build/flight_visualizer/install.log'
[0.619s] Invoked command in '/home/paul/Ground-Station/flight_visualizer/src/flight_visualizer' returned '0': PYTHONPATH=/home/paul/Ground-Station/flight_visualizer/install/flight_visualizer/lib/python3.8/site-packages:${PYTHONPATH} /usr/bin/python3 setup.py egg_info --egg-base ../../build/flight_visualizer build --build-base /home/paul/Ground-Station/flight_visualizer/build/flight_visualizer/build install --prefix /home/paul/Ground-Station/flight_visualizer/install/flight_visualizer --record /home/paul/Ground-Station/flight_visualizer/build/flight_visualizer/install.log --single-version-externally-managed
