[0.287s] Invoking command in '/home/paul/Ground-Station/flight_visualizer/src/flight_visualizer': PYTHONPATH=/home/paul/Ground-Station/flight_visualizer/install/flight_visualizer/lib/python3.8/site-packages:${PYTHONPATH} /usr/bin/python3 setup.py egg_info --egg-base ../../build/flight_visualizer build --build-base /home/paul/Ground-Station/flight_visualizer/build/flight_visualizer/build install --prefix /home/paul/Ground-Station/flight_visualizer/install/flight_visualizer --record /home/paul/Ground-Station/flight_visualizer/build/flight_visualizer/install.log --single-version-externally-managed
[0.523s] running egg_info
[0.524s] writing ../../build/flight_visualizer/flight_visualizer.egg-info/PKG-INFO
[0.524s] writing dependency_links to ../../build/flight_visualizer/flight_visualizer.egg-info/dependency_links.txt
[0.525s] writing entry points to ../../build/flight_visualizer/flight_visualizer.egg-info/entry_points.txt
[0.525s] writing requirements to ../../build/flight_visualizer/flight_visualizer.egg-info/requires.txt
[0.525s] writing top-level names to ../../build/flight_visualizer/flight_visualizer.egg-info/top_level.txt
[0.562s] reading manifest file '../../build/flight_visualizer/flight_visualizer.egg-info/SOURCES.txt'
[0.563s] writing manifest file '../../build/flight_visualizer/flight_visualizer.egg-info/SOURCES.txt'
[0.563s] running build
[0.563s] running build_py
[0.563s] copying flight_visualizer/graph_data.py -> /home/paul/Ground-Station/flight_visualizer/build/flight_visualizer/build/lib/flight_visualizer
[0.564s] running install
[0.564s] running install_lib
[0.565s] copying /home/paul/Ground-Station/flight_visualizer/build/flight_visualizer/build/lib/flight_visualizer/graph_data.py -> /home/paul/Ground-Station/flight_visualizer/install/flight_visualizer/lib/python3.8/site-packages/flight_visualizer
[0.566s] byte-compiling /home/paul/Ground-Station/flight_visualizer/install/flight_visualizer/lib/python3.8/site-packages/flight_visualizer/graph_data.py to graph_data.cpython-38.pyc
[0.568s] running install_data
[0.569s] running install_egg_info
[0.570s] removing '/home/paul/Ground-Station/flight_visualizer/install/flight_visualizer/lib/python3.8/site-packages/flight_visualizer-0.0.0-py3.8.egg-info' (and everything under it)
[0.571s] Copying ../../build/flight_visualizer/flight_visualizer.egg-info to /home/paul/Ground-Station/flight_visualizer/install/flight_visualizer/lib/python3.8/site-packages/flight_visualizer-0.0.0-py3.8.egg-info
[0.572s] running install_scripts
[0.591s] Installing graph_data script to /home/paul/Ground-Station/flight_visualizer/install/flight_visualizer/lib/flight_visualizer
[0.591s] writing list of installed files to '/home/paul/Ground-Station/flight_visualizer/build/flight_visualizer/install.log'
[0.620s] Invoked command in '/home/paul/Ground-Station/flight_visualizer/src/flight_visualizer' returned '0': PYTHONPATH=/home/paul/Ground-Station/flight_visualizer/install/flight_visualizer/lib/python3.8/site-packages:${PYTHONPATH} /usr/bin/python3 setup.py egg_info --egg-base ../../build/flight_visualizer build --build-base /home/paul/Ground-Station/flight_visualizer/build/flight_visualizer/build install --prefix /home/paul/Ground-Station/flight_visualizer/install/flight_visualizer --record /home/paul/Ground-Station/flight_visualizer/build/flight_visualizer/install.log --single-version-externally-managed
