[0.287s] Invoking command in '/home/paul/Ground-Station/sensor_values/src/sensor_values': PYTHONPATH=/home/paul/Ground-Station/sensor_values/install/sensor_values/lib/python3.8/site-packages:${PYTHONPATH} /usr/bin/python3 setup.py egg_info --egg-base ../../build/sensor_values build --build-base /home/paul/Ground-Station/sensor_values/build/sensor_values/build install --prefix /home/paul/Ground-Station/sensor_values/install/sensor_values --record /home/paul/Ground-Station/sensor_values/build/sensor_values/install.log --single-version-externally-managed
[0.533s] running egg_info
[0.534s] writing ../../build/sensor_values/sensor_values.egg-info/PKG-INFO
[0.534s] writing dependency_links to ../../build/sensor_values/sensor_values.egg-info/dependency_links.txt
[0.535s] writing entry points to ../../build/sensor_values/sensor_values.egg-info/entry_points.txt
[0.535s] writing requirements to ../../build/sensor_values/sensor_values.egg-info/requires.txt
[0.535s] writing top-level names to ../../build/sensor_values/sensor_values.egg-info/top_level.txt
[0.572s] reading manifest file '../../build/sensor_values/sensor_values.egg-info/SOURCES.txt'
[0.573s] writing manifest file '../../build/sensor_values/sensor_values.egg-info/SOURCES.txt'
[0.574s] running build
[0.574s] running build_py
[0.574s] copying sensor_values/values_output.py -> /home/paul/Ground-Station/sensor_values/build/sensor_values/build/lib/sensor_values
[0.574s] running install
[0.575s] running install_lib
[0.577s] copying /home/paul/Ground-Station/sensor_values/build/sensor_values/build/lib/sensor_values/values_output.py -> /home/paul/Ground-Station/sensor_values/install/sensor_values/lib/python3.8/site-packages/sensor_values
[0.577s] byte-compiling /home/paul/Ground-Station/sensor_values/install/sensor_values/lib/python3.8/site-packages/sensor_values/values_output.py to values_output.cpython-38.pyc
[0.579s] running install_data
[0.580s] copying package.xml -> /home/paul/Ground-Station/sensor_values/install/sensor_values/share/sensor_values
[0.580s] running install_egg_info
[0.582s] removing '/home/paul/Ground-Station/sensor_values/install/sensor_values/lib/python3.8/site-packages/sensor_values-0.0.0-py3.8.egg-info' (and everything under it)
[0.582s] Copying ../../build/sensor_values/sensor_values.egg-info to /home/paul/Ground-Station/sensor_values/install/sensor_values/lib/python3.8/site-packages/sensor_values-0.0.0-py3.8.egg-info
[0.583s] running install_scripts
[0.603s] Installing process_values script to /home/paul/Ground-Station/sensor_values/install/sensor_values/lib/sensor_values
[0.603s] Installing test_process script to /home/paul/Ground-Station/sensor_values/install/sensor_values/lib/sensor_values
[0.603s] writing list of installed files to '/home/paul/Ground-Station/sensor_values/build/sensor_values/install.log'
[0.633s] Invoked command in '/home/paul/Ground-Station/sensor_values/src/sensor_values' returned '0': PYTHONPATH=/home/paul/Ground-Station/sensor_values/install/sensor_values/lib/python3.8/site-packages:${PYTHONPATH} /usr/bin/python3 setup.py egg_info --egg-base ../../build/sensor_values build --build-base /home/paul/Ground-Station/sensor_values/build/sensor_values/build install --prefix /home/paul/Ground-Station/sensor_values/install/sensor_values --record /home/paul/Ground-Station/sensor_values/build/sensor_values/install.log --single-version-externally-managed
